<?xml version="1.0" encoding="utf-8"?><testsuites name="pytest tests"><testsuite name="pytest" errors="0" failures="0" skipped="0" tests="5" time="0.899" timestamp="2026-06-08T18:50:58.833028+00:00" hostname="agent-env-fcdc8706-c77c-4550-aee8-d7650e285c36"><testcase classname="backend.tests.test_novega.TestHealth" name="test_api_root" time="0.264" /><testcase classname="backend.tests.test_novega.TestContact" name="test_post_contact" time="0.164" /><testcase classname="backend.tests.test_novega.TestContact" name="test_post_contact_job_application" time="0.142" /><testcase classname="backend.tests.test_novega.TestContact" name="test_get_contact_messages" time="0.116" /><testcase classname="backend.tests.test_novega.TestContact" name="test_post_contact_missing_required" time="0.148" /></testsuite></testsuites>